<?xml version="1.0" encoding="UTF-8"?>


<rss version="2.0" encoding="UTF-8">
  <channel>
    <title>Dinamalar Sports</title>
    <link>sdfsfsf</link>
    <description>All Sports News</description>
    
    <webMaster>webmaster@dinamalar.com</webMaster>    <item>
    <title>ரோகித் விளாசல்: மும்பை அணி வெற்றி | ஏப்ரல்  13, 2016</title>
    <link>http://sports.dinamalar.com/2016/04/1460565133/KolkataMumbaiIPLCricketGambhir.html</link>
    <description>கோல்கட்டா அணிக்கு எதிரான பிரிமியர் லீக் போட்டியில் ரோகித் விளாசல் கைகொடுக்க, மும்பை அணி 6 விக்கெட்டுகள் வித்தியாசத்தில் வெற்றி பெற்றது.  இந்தியாவில் 9வது பிரிமியர் ‘டுவென்டி–20’ தொடர் நடக்கிறது. இதன் லீக் போட்டியில் ‘நடப்பு சாம்பியன்’ மும்பை, கோல்கட்டா அணிகள் மோதின. </description>    
	</item>
    <item>
    <title>தோனியை சமாளிப்பாரா ரெய்னா: இன்று புனே – குஜராத் அணிகள் மோதல் | ஏப்ரல்  13, 2016</title>
    <link>http://sports.dinamalar.com/2016/04/1460564992/PuneGujaratIPLCricket.html</link>
    <description>பிரிமியர் தொடரில் இன்று நடக்கும் லீக் போட்டியில் புனே, குஜராத் அணிகள் மோதுகின்றன. இதில் தோனியின் கேப்டன் வியூகத்தை முறியடித்து ரெய்னா சாதித்து காட்டுவாரா என்ற எதிர்பார்ப்பு ஏற்பட்டுள்ளது.              இந்தியாவில் 9வது பிரிமியர் கிரிக்கெட் தொடர் நடக்கிறது. குஜராத் மாநிலம் ராஜ்கோட் நகரில் உள்ள சவுராஷ்டிரா கிரிக்கெட் சங்க மைதானத்தில் இன்று நடக்கும் லீக் போட்டியில் அறிமுக அணிகளான ரெய்னா தலைமையிலான குஜராத் அணி, தோனி வழிநடத்தும் புனே அணியை எதிர்கொள்கிறது.</description>    
	</item>
    <item>
    <title>ஐ.பி.எல்., போட்டிக்கு சிக்கல்: மும்பை கோர்ட் உத்தரவு | ஏப்ரல்  13, 2016</title>
    <link>http://sports.dinamalar.com/2016/04/1460550506/iplcricket.html</link>
    <description>வரும் 30ம் தேதிக்குப் பின் மகாராஷ்டிராவில் நடக்கும் போட்டிகளை வேறு இடத்துக்கு மாற்ற வேண்டும் என, மும்பை ஐகோர்ட் உத்தரவிட்டது.  இந்தியாவில் ஒன்பதாவது பிரிமியர் லீக் (ஐ.பி.எல்.,) கிரிக்கெட் தொடர் நடக்கிறது. இதில் மகாராஷ்டிராவின் மும்பையில் 9, புனேயில் 9, நாக்பூரில் 3 என, மொத்தம் 21 போட்டிகள் நடக்க இருந்தன. இம்மாநிலத்தில் கடுமையான தண்ணீர் பற்றாக்குறை நிலவும் நிலையில், பிரிமியர் போட்டிகளுக்கு மைதானங்களை தயார் செய்ய பல லட்சம் லிட்டர் தண்ணீர் செலவு செய்வதாக புகார் எழுந்தது. </description>    
	</item>
    <item>
    <title>கோஹ்லி, டிவிலியர்ஸ் விளாசல்: பெங்களூரு அபார வெற்றி | ஏப்ரல்  11, 2016</title>
    <link>http://sports.dinamalar.com/2016/04/1460394537/RoyalChallengersBangaloreViratKohlihydrabathiplcricket.html</link>
    <description>ஐதராபாத் அணிக்கு எதிரான லீக் போட்டியில், பெங்களூரு அணி 45 ரன்கள் வித்தியாசத்தில் வெற்றி பெற்றது. டிவிலியர்ஸ், கோஹ்லி அரைசதம் விளாசினர். இந்தியாவில், 9வது பிரிமியர் கிரிக்கெட் தொடர் நடக்கிறது. பெங்களூரு சின்னசாமி மைதானத்தில் நடந்த லீக் போட்டியில் பெங்களூரு, ஐதராபாத் அணிகள் மோதின. ‘டாஸ்’ வென்ற ஐதராபாத் கேப்டன் வார்னர், பீல்டிங் தேர்வு செய்தார்.  டிவிலியர்ஸ் அபாரம்:</description>    
	</item>
    <item>
    <title>ரெய்னா அணி அமர்க்கள ஆரம்பம் | ஏப்ரல்  11, 2016</title>
    <link>http://sports.dinamalar.com/2016/04/1460392572/GujaratLionsPunjabIPLcricketbravo.html</link>
    <description>பஞ்சாப் அணிக்கு எதிரான ஐ.பி.எல்., லீக் போட்டியில் குஜராத் அணியின் ஜடேஜா, பிராவோ சிறப்பான பவுலிங்கை வெளிப்படுத்தினர். இந்தியாவில் ஒன்பதாவது ஐ.பி.எல்., தொடர் நடக்கிறது. இதில் மொகாலியில் நடந்த லீக் போட்டியில் பாலிவுட் நடிகை பிரீத்தி ஜிந்தாவின் பஞ்சாப் அணி, இத்தொடரில் புதியதாக களமிறங்கும் ரெய்னாவின் குஜராத் அணியை எதிர்கொண்டது. ‘டாஸ்’ வென்ற குஜராத் கேப்டன் ரெய்னா, பீல்டிங் தேர்வு செய்தார்.</description>    
	</item>
    <item>
    <title>தண்ணீர் பிரச்னையில் தவிக்கும் ஐ.பி.எல்.,: கேப்டன் தோனி ‘அட்வைஸ்’ | ஏப்ரல்  10, 2016</title>
    <link>http://sports.dinamalar.com/2016/04/1460306441/DhoniPuneIPLWaterProblem.html</link>
    <description>தண்ணீர் பஞ்சம் காரணமாக மகாராஷ்டிராவில் மீதமுள்ள ஐ.பி.எல்., போட்டிகள் நடக்குமா என்ற கேள்வி எழுந்துள்ளது. இப்பிரச்னைக்கு நிரந்தர தீர்வு காண வேண்டுமென புனே கேப்டன் தோனி வலியுறுத்தியுள்ளார்.        இந்தியன் பிரிமியர் லீக்(ஐ.பி.எல்.,) தொடரில் சர்ச்சைகள் ஏற்படுவது வழக்கம். தற்போதைய தொடரில் தண்ணீர் பிரச்னை பூதாகரமாக கிளம்பியுள்ளது. மகாராஷ்டிரா மாநிலத்தில் குடீநீர் தட்டுப்பாடு நிலவுகிறது. இங்குள்ள மும்பை, புனே, நாக்பூர் மைதானங்களில் நடக்கவுள்ள 20 போட்டிகளுக்கான மைதானங்களை தயார் செய்யும் பணிகள் நடக்கின்றன.</description>    
	</item>
    <item>
    <title>ரெய்னாவுக்கு முதல் சவால்: இன்று குஜராத்–பஞ்சாப் மோதல் | ஏப்ரல்  10, 2016</title>
    <link>http://sports.dinamalar.com/2016/04/1460301939/GujaratPunjabIPLCricketRaina.html</link>
    <description>பிரிமியர் லீக் தொடரின் இன்றைய போட்டியில் குஜராத், பஞ்சாப் அணிகள் மோதுகின்றன. இதில், அறிமுக குஜராத் அணிக்கு கேப்டனாக களமிறங்கும் ரெய்னா முத்திரை பதிப்பார் என எதிர்பார்க்கப்படுகிறது.இந்தியாவில் ஒன்பதாவது பிரிமியர் லீக் தொடர் நடக்கிறது. இன்று மொகாலியில்(பஞ்சாப்) நடக்கவுள்ள போட்டியில் பஞ்சாப், குஜராத் அணிகள் மோதுகின்றன.   </description>    
	</item>
    <item>
    <title>தோல்விக்கு என்ன காரணம்: ஹர்பஜன்  | ஏப்ரல்  10, 2016</title>
    <link>http://sports.dinamalar.com/2016/04/1460301780/HabhajansinghMumbaiIPLCricketPune.html</link>
    <description>புனே அணிக்கு எதிராக பேட்டிங்கில் சொதப்பியதே தோல்விக்கு காரணம்,’’ என, மும்பை அணியின் ஹர்பஜன் சிங் தெரிவித்தார்.        மும்பையில் நடந்த பிரிமியர் லீக் போட்டியில் புனே அணி 9 விக்கெட் வித்தியாசத்தில் மும்பை அணியை வீழ்த்தியது. இப்போட்டியில் மும்பை அணி கேப்டன் ரோகித் (7), சிம்மன்ஸ் (8), பாண்ட்யா (9) உள்ளிட்டோர் சொற்ப ரன்னில் அவுட்டாகி ஏமாற்றினர்.       இதுகுறித்து மும்பை அணியின் ஹர்பஜன் சிங் கூறியது: புனே அணிக்கு எதிராக எங்கள் மும்பை அணியின் ‘பேட்டிங்’ மோசமாக இருந்தது. பொதுவாக மும்பை, வான்கடே ஆடுகளம் பேட்ஸ்மேன்களுக்கு சாதகமாக இருக்கும். ஆனால் இப்போட்டியில் எங்கள் பேட்ஸ்மேன்கள் பந்தை தேர்வு செய்து ‘ஷாட்’ அடிப்பதில் தவறு செய்தனர். இதுபோன்ற தவறுகளை அடுத்து வரும் போட்டிகளில் திருத்திக் கொண்டு விளையாடினால் நல்லது. </description>    
	</item>
    <item>
    <title>கோல்கட்டா கலக்கல் வெற்றி: டில்லி அணி ஏமாற்றம் | ஏப்ரல்  09, 2016</title>
    <link>http://sports.dinamalar.com/2016/04/1460218251/DelhiDaredevilsKolkataKnightRidersIPLcricket.html</link>
    <description>பிரிமியர் கிரிக்கெட் தொடரை கோல்கட்டா அணி வெற்றியுடன் துவக்கியது. நேற்று நடந்த லீக் போட்டியில் 9 விக்கெட் வித்தியாசத்தில் டில்லி அணியை வீழ்த்தியது.       இந்தியாவில், 9வது பிரிமியர் கிரிக்கெட் தொடர் நடக்கிறது. கோல்கட்டா, ஈடன் கார்டன் மைதானத்தில் நேற்று நடந்த லீக் போட்டியில் கோல்கட்டா, டில்லி அணிகள் மோதின. ‘டாஸ்’ வென்ற கோல்கட்டா அணி கேப்டன் காம்பிர், ‘பீல்டிங்’ தேர்வு செய்தார்.  </description>    
	</item>
    <item>
    <title>ரகானே விளாசல்: புனே வெற்றி துவக்கம் | ஏப்ரல்  09, 2016</title>
    <link>http://sports.dinamalar.com/2016/04/1460213744/IPLcrikcetRisingPuneSupergiantsmumbai.html</link>
    <description>ஒன்பதாவது ஐ.பி.எல்., தொடரை வெற்றிகரமாக துவக்கியது தோனியின் புதிய புனே அணி. நேற்று நடந்த லீக் போட்டியில் 9 விக்கெட் வித்தியாசத்தில் மும்பை அணியை வீழ்த்தியது. ஒன்பதாவது பிரிமியர் லீக் தொடர் இந்தியாவில் நடக்கிறது. இதில் ‘நடப்பு சாம்பியன்’ மும்பை, கோல்கட்டா உள்ளிட்ட அணிகளுடன் இம்முறை புனே, குஜராத் என, 8 அணிகள் பங்கேற்கின்றன.</description>    
	</item>
    <item>
    <title>சுனில் நரைனுக்கு அனுமதி  | ஏப்ரல்  08, 2016</title>
    <link>http://sports.dinamalar.com/2016/04/1460105836/sunilNarineactionclearedaheadofIPL.html</link>
    <description>வெஸ்ட் இண்டீஸ் வீரர் சுனில் நரைன் மீதான தடை விலக்கிக் கொள்ளப்பட்டது. வெஸ்ட் இண்டீஸ் அணியின் சுழற்பந்து வீச்சாளர் சுனில் நரைன், 27. பிரிமியர் தொடரில் பங்கேற்கும் கோல்கட்டா அணியின் முக்கிய வீரர். கடந்த 2014 சாம்பியன்ஸ் லீக் தொடரில் இவரது பவுலிங் குறித்து சந்தேகம் ஏற்பட்டது. இவர், ஐ.சி.சி., நிர்ணயித்த 15 டிகிரிக்கும் அதிகமாக முழங்கையை வளைத்து பந்துவீசுவதாக புகார் கூறப்பட்டது. 2015 உலக கோப்பை தொடரில் தானாக முன்வந்து விலகிக்கொண்டார்.</description>    
	</item>
    <item>
    <title>கிரிக்கெட் போட்டிக்கு தடையில்லை  | ஏப்ரல்  07, 2016</title>
    <link>http://sports.dinamalar.com/2016/04/1460051210/ipl.html</link>
    <description>ஐ.பி.எல்., தொடரின் முதல் போட்டிக்கு மும்பை ஐகோர்ட் தடை விதிக்க மறுத்துவிட்டது.  ஒன்பதாவது ஐ.பி.எல்., தொடர் நாளை துவங்குகிறது. மும்பை வான்கடே மைதானத்தில் நடக்கும் முதல் போட்டியில்(ஏப்.,9) புனே– மும்பை அணிகள் மோதுகின்றன.  இந்நிலையில், ‘மஹாராஷ்டிரா மாநிலத்தில் தண்ணீர் பஞ்சம் ஏற்பட்டுள்ள நிலையில், ஐ.பி.எல்., போட்டிக்காக மைதானத்தை தயார் செய்ய அதிக அளவு தண்ணீர் செலவிடப்படுகிறது. இதை நிறுத்த வேண்டும்,’ என, மும்பை ஐகோர்ட்டில் பொது நல மனு தாக்கல் செய்யப்பட்டது. இதை விசாரித்த நீதிபதிகள்,’ மக்களின் நலன்தான் முக்கியம். தண்ணீர் பற்றாக்குறை இல்லாத வேறு மாநிலங்களில் போட்டி நடத்தலாமே,’ என, கேள்வி எழுப்பினர்.</description>    
	</item>
    <item>
    <title>ரெய்னா முன்னிலை             | ஏப்ரல்  07, 2016</title>
    <link>http://sports.dinamalar.com/2016/04/1460050115/Raina.html</link>
    <description>பிரிமியர் தொடரில் அதிக ரன்கள் எடுத்த வீரர்களுக்கான பட்டியலில், தற்போதைய குஜராத் அணி கேப்டன் ரெய்னா முன்னிலை வகிக்கிறார். சென்னை அணிக்காக விளையாடிய இவர், 132 போட்டியில், ஒரு சதம், 25 அரைசதம் உட்பட 3699 ரன்கள் எடுத்துள்ளார். அடுத்த நான்கு இடங்களில் மும்பை அணியின் ரோகித் (3385 ரன்), பெங்களூருவின் கிறிஸ் கெய்ல் (3199), விராத் கோஹ்லி (3137), கோல்கட்டாவின் காம்பிர் (3133) ஆகியோர் உள்ளனர்.  இந்த ஐவர் மட்டுமே 3000 ரன்களுக்கு  மேல் எடுத்த வீரர்கள்.</description>    
	</item>
    <item>
    <title>பிரிமியர் கிரிக்கெட் தொடர் ஆரம்பம்: கோப்பை வெல்வது யார் | ஏப்ரல்  07, 2016</title>
    <link>http://sports.dinamalar.com/2016/04/1460049719/iplcup.html</link>
    <description>கிரிக்கெட் அரங்கில் புரட்சி ஏற்படுத்திய இந்தியன் பிரிமியர் லீக் (ஐ.பி.எல்.,) ‘டுவென்டி–20’ தொடரின் 9வது சீசன் இன்று துவங்குகிறது. இம்முறை புனே அணிக்கு கேப்டனாக தோனி, குஜராத் அணியில் ரெய்னா என கூட்டணிகள் மாறியுள்ளன. இந்த மாற்றம் புதிய திருப்பங்களை ஏற்படுத்தும் என ரசிகர்கள் நம்புகின்றனர்.  கடந்த 2008ல் இந்தியன் பிரிமியர் லீக் (ஐ.பி.எல்.,) தொடர் உதயமானது. சென்னை, கோல்கட்டா, மும்பை, டில்லி, பெங்களூரு உட்பட 8 அணிகள் பங்கேற்றன. இந்தச் சூழலில் ஆறாவது பிரிமியர் தொடரில் நடந்த சூதாட்டம், ஒட்டுமொத்த இந்திய கிரிக்கெட்டை புரட்டி போட்டது. இதில் சிக்கிய சென்னை, ராஜஸ்தான்</description>    
	</item>
    <item>
    <title>கலக்கல் துவக்க விழா | ஏப்ரல்  07, 2016</title>
    <link>http://sports.dinamalar.com/2016/04/1460049378/KatrinaKaif.html</link>
    <description>பிரிமியர் தொடரின் துவக்க விழா இன்று மும்பை தேசிய ‘ஸ்போர்ட்ஸ் கிளப் ஆப் இந்தியா’ மைதானத்தில் இரவு 7.00 மணிக்கு துவங்குகிறது. இதில் அமெரிக்க பாப் பாடகர் கிறிஸ் பிரவுன்,  ‘யோ யோ’ ஹனி சிங், பாலிவுட் நடிகைகள் கத்ரினா கைப், ஜாக்குலின் பெர்ணான்டஸ் உள்ளிட்டோர் அசத்த காத்திருக்கின்றனர். தவிர, வெஸ்ட் இண்டீஸ் அணியின் குஜராத் வீரர் பிராவோவும் நடனம் ஆடவுள்ளார். இவர்களுடன் எட்டு அணிகளின் கேப்டன்களும் பங்கேற்கின்றனர்.</description>    
	</item>
    <item>
    <title>11 பேரும் ‘பவுலிங்’ செய்த வினோதம் | ஏப்ரல்  05, 2016</title>
    <link>http://sports.dinamalar.com/2016/04/1459877491/vijayhazaretrophycricketbowling.html</link>
    <description>விஜய் ஹசாரே டிராபி தொடரில் ஒரு அணியில் 11 பேரும் பவுலிங் செய்த வினோதம் நடந்தது. வடக்கு மற்றும் மேற்கு மண்டல அணிகள் மோதிய விஜய் ஹசாரே போட்டி (4 நாள்) டில்லியில் நடந்தது. ‘டாஸ்’ வென்று களமிறங்கிய மேற்கு மண்டல அணிக்கு சந்தீப் (174), விக்ராந்த் (115), காந்தர் (146) என, வரிசையாக சதம் அடித்தனர். வேறு வழியில்லாத நிலையில் வடக்கு மண்டலத்தின் விக்கெட் கீப்பர் உட்பட 11 பேரும் பவுலிங் செய்தனர். இருப்பினும், மேற்கு மண்டல அணி முதல் இன்னிங்சில் 603 ரன்னுக்குத் தான் ஆல் அவுட்டானது. </description>    
	</item>
    <item>
    <title>இந்திய அணி சரிந்தது ஏன்: வாய்ப்பு பறிபோன பின்னணி | ஏப்ரல்  01, 2016</title>
    <link>http://sports.dinamalar.com/2016/04/1459529609/kohlidhoni.html</link>
    <description>உலக கோப்பை அரையிறுதியில் இந்திய அணி தோற்றதை இன்னும் ஜீரணிக்க முடியவில்லை. இக்கட்டான நேரத்தில் பவுலர்கள் வீசிய ‘நோ–பால்’, ரகானேவின் மந்தமான ஆட்டம், மோசமான ‘பீல்டிங்’ என பல்வேறு காரணங்களை சொல்கின்றனர். ‘எல்லாம் முடிந்த பின் நல்லது கெட்டது தெரிந்த என்ன பயன்’ என்று சாமான்ய ரசிகர்கள் புலம்புகின்றனர்.  இந்திய அணி கடைசியாக பங்கேற்ற 11 ‘டுவென்டி–20’ போட்டிகளில் 10ல் வெற்றி பெற்றது, இளமை மற்றும் அனுபவம் வாய்ந்த வேகப்பந்து வீச்சாளர்கள், சொந்த மண்ணில் துாள் கிளப்பும் ‘நம்பர்–1’ சுழற்பந்து வீச்சாளர் அஷ்வின், இவருக்கு தோள் கொடுக்கும் ஜடேஜா, ‘கூல்’ கேப்டன் தோனி என, எல்லாம் சூப்பராக அமைய,  உலக கோப்பை தொடரில் சாதிக்கும் நம்பிக்கையுடன் களமிறங்கியது இந்திய அணி.</description>    
	</item>
    <item>
    <title>வம்புக்கு இழுத்த வங்கதேச வீரர் | ஏப்ரல்  01, 2016</title>
    <link>http://sports.dinamalar.com/2016/04/1459528852/MushfiqurRahim.html</link>
    <description>டுவென்டி–20’ உலக கோப்பை தொடரில் ஒரு லீக் போட்டிகளில் கூட வங்கதேசம் வெற்றி பெற முடியவில்லை. இந்தியாவுக்கு எதிராக 3 பந்தில் 2 ரன் எடுக்கத் தெரியாமல் முட்டாள் தனமாக அவுட்டாகி, கடைசியில் மைதான ஓரத்தில் உட்கார்ந்து அழுது கொண்டிருந்தவர் தான் வங்கதேச வீரர் முஷ்பிகுர் ரகிம்.  இந்திய அணி அரையிறுதியில் தோற்றது குறித்து இவர் வெளியிட்ட ‘டுவிட்டர்’ செய்தியில்,‘வெஸ்ட் இண்டீசிடம் இந்தியா தோற்றுவிட்டது. இது தான் பெரிய மகிழ்ச்சி. இனி நன்றாகத் துாங்குவேன்,’ என, தெரிவித்தார்.  இதற்கு பல தரப்பில் இருந்தும் கடும் எதிர்ப்புகள் எழுந்தன. உடனடியாக ‘விழித்துக்’ கொண்ட முஷ்பிகுர், அந்த ‘டுவீட்டை’ நீக்கி விட்டு, மன்னிப்பு கேட்டார்.</description>    
	</item>
    <item>
    <title>சபாஷ் வெஸ்ட் இண்டீஸ் | ஏப்ரல்  01, 2016</title>
    <link>http://sports.dinamalar.com/2016/04/1459450371/LendlSimmons.html</link>
    <description>வெஸ்ட் இண்டீஸ் அணிக்கு ஆசிய மண் என்றால் அல்வா சாப்பிடுவது போல உள்ளது. 2012ல் இலங்கையில் நடந்த ‘டுவென்டி–20’ உலக கோப்பையில் சாம்பியன் ஆனது.  * இந்த ஆண்டு வங்கதேசத்தில் நடந்த 19 வயதுக்குட்பட்ட உலக கோப்பை தொடரில் கோப்பை வென்றது. * தற்போதைய தொடரில் ஆண்கள், பெண்க</description>    
	</item>
    <item>
    <title>கோஹ்லி சாதனை  | ஏப்ரல்  01, 2016</title>
    <link>http://sports.dinamalar.com/2016/04/1459449804/kohliindia.html</link>
    <description>வெஸ்ட் இண்டீசுக்கு எதிராக அதிரடி காட்டிய இந்தியாவின் கோஹ்லி, தனது 16வது அரைசதத்தை பதிவு செய்தார். இதன்மூலம் சர்வதேச ‘டுவென்டி–20’ அரங்கில் அதிகமுறை 50 அல்லது அதற்கு மேல் ரன்கள் எடுத்த வீரர்கள் பட்டியலில் முதலிடம் பிடித்தார். அடுத்த இரண்டு இடங்களில் வெஸ்ட் இண்டீசின் கிறிஸ் கெய்ல், நியூசிலாந்தின் பிரண்டன் மெக்கலம் தலா 15 முறை இம்மைல்கல்லை எட்டியுள்ளனர்.</description>    
	</item>
</channel></rss>